<?xml version="1.0" encoding="UTF-8"?>
<!-- Generated by org.testng.reporters.JUnitXMLReporter -->
<testsuite ignored="0" hostname="DESKTOP-DBMQDBI" failures="0" tests="4" name="Default test" time="299.71" errors="0" timestamp="2023-01-01T16:56:21 CET">
  <testcase classname="POM_test.checkout_tests" name="tc_01" time="12.38"/>
  <testcase classname="POM_test.checkout_tests" name="tc_02" time="24.652"/>
  <testcase classname="POM_test.checkout_tests" name="tc_03" time="54.718"/>
  <testcase classname="POM_test.checkout_tests" name="tc_04" time="30.099"/>
</testsuite> <!-- Default test -->
