<?xml version="1.0" encoding="UTF-8"?>
<testng-results ignored="0" total="4" passed="4" failed="0" skipped="0">
  <reporter-output>
  </reporter-output>
  <suite started-at="2023-01-01T16:51:21 CET" name="Default suite" finished-at="2023-01-01T16:56:20 CET" duration-ms="299710">
    <groups>
    </groups>
    <test started-at="2023-01-01T16:51:21 CET" name="Default test" finished-at="2023-01-01T16:56:20 CET" duration-ms="299710">
      <class name="POM_test.checkout_tests">
        <test-method is-config="true" signature="beforeMethod()[pri:0, instance:POM_test.checkout_tests@31d7b7bf]" started-at="2023-01-01T16:51:21 CET" name="beforeMethod" finished-at="2023-01-01T16:51:49 CET" duration-ms="28447" status="PASS">
          <reporter-output>
          </reporter-output>
        </test-method> <!-- beforeMethod -->
        <test-method signature="tc_01()[pri:0, instance:POM_test.checkout_tests@31d7b7bf]" started-at="2023-01-01T16:51:49 CET" name="tc_01" finished-at="2023-01-01T16:52:02 CET" duration-ms="12380" status="PASS">
          <reporter-output>
          </reporter-output>
        </test-method> <!-- tc_01 -->
        <test-method is-config="true" signature="afterMethod()[pri:0, instance:POM_test.checkout_tests@31d7b7bf]" started-at="2023-01-01T16:52:02 CET" name="afterMethod" finished-at="2023-01-01T16:52:03 CET" duration-ms="971" status="PASS">
          <reporter-output>
          </reporter-output>
        </test-method> <!-- afterMethod -->
        <test-method is-config="true" signature="beforeMethod()[pri:0, instance:POM_test.checkout_tests@31d7b7bf]" started-at="2023-01-01T16:52:03 CET" name="beforeMethod" finished-at="2023-01-01T16:52:40 CET" duration-ms="37676" status="PASS">
          <reporter-output>
          </reporter-output>
        </test-method> <!-- beforeMethod -->
        <test-method signature="tc_02()[pri:0, instance:POM_test.checkout_tests@31d7b7bf]" started-at="2023-01-01T16:52:40 CET" name="tc_02" finished-at="2023-01-01T16:53:05 CET" duration-ms="24652" status="PASS">
          <reporter-output>
          </reporter-output>
        </test-method> <!-- tc_02 -->
        <test-method is-config="true" signature="afterMethod()[pri:0, instance:POM_test.checkout_tests@31d7b7bf]" started-at="2023-01-01T16:53:05 CET" name="afterMethod" finished-at="2023-01-01T16:53:07 CET" duration-ms="1958" status="PASS">
          <reporter-output>
          </reporter-output>
        </test-method> <!-- afterMethod -->
        <test-method is-config="true" signature="beforeMethod()[pri:0, instance:POM_test.checkout_tests@31d7b7bf]" started-at="2023-01-01T16:53:07 CET" name="beforeMethod" finished-at="2023-01-01T16:53:58 CET" duration-ms="50565" status="PASS">
          <reporter-output>
          </reporter-output>
        </test-method> <!-- beforeMethod -->
        <test-method signature="tc_03()[pri:0, instance:POM_test.checkout_tests@31d7b7bf]" started-at="2023-01-01T16:53:58 CET" name="tc_03" finished-at="2023-01-01T16:54:52 CET" duration-ms="54718" status="PASS">
          <reporter-output>
          </reporter-output>
        </test-method> <!-- tc_03 -->
        <test-method is-config="true" signature="afterMethod()[pri:0, instance:POM_test.checkout_tests@31d7b7bf]" started-at="2023-01-01T16:54:52 CET" name="afterMethod" finished-at="2023-01-01T16:54:59 CET" duration-ms="6284" status="PASS">
          <reporter-output>
          </reporter-output>
        </test-method> <!-- afterMethod -->
        <test-method is-config="true" signature="beforeMethod()[pri:0, instance:POM_test.checkout_tests@31d7b7bf]" started-at="2023-01-01T16:54:59 CET" name="beforeMethod" finished-at="2023-01-01T16:55:36 CET" duration-ms="37465" status="PASS">
          <reporter-output>
          </reporter-output>
        </test-method> <!-- beforeMethod -->
        <test-method signature="tc_04()[pri:0, instance:POM_test.checkout_tests@31d7b7bf]" started-at="2023-01-01T16:55:36 CET" name="tc_04" finished-at="2023-01-01T16:56:06 CET" duration-ms="30099" status="PASS">
          <reporter-output>
          </reporter-output>
        </test-method> <!-- tc_04 -->
        <test-method is-config="true" signature="afterMethod()[pri:0, instance:POM_test.checkout_tests@31d7b7bf]" started-at="2023-01-01T16:56:06 CET" name="afterMethod" finished-at="2023-01-01T16:56:20 CET" duration-ms="14249" status="PASS">
          <reporter-output>
          </reporter-output>
        </test-method> <!-- afterMethod -->
      </class> <!-- POM_test.checkout_tests -->
    </test> <!-- Default test -->
  </suite> <!-- Default suite -->
</testng-results>
